This is pdfTeX, Version 3.1415926-2.3-1.40.12 (TeX Live 2011) (format=pdflatex 2011.7.3)  22 FEB 2013 17:56
entering extended mode
 restricted \write18 enabled.
 %&-line parsing enabled.
**demo.ledger.latex
(./demo.ledger.latex
LaTeX2e <2009/09/24>
Babel <v3.8l> and hyphenation patterns for english, dumylang, nohyphenation, ge
rman-x-2009-06-19, ngerman-x-2009-06-19, afrikaans, ancientgreek, ibycus, arabi
c, armenian, basque, bulgarian, catalan, pinyin, coptic, croatian, czech, danis
h, dutch, ukenglish, usenglishmax, esperanto, estonian, ethiopic, farsi, finnis
h, french, galician, german, ngerman, swissgerman, monogreek, greek, hungarian,
 icelandic, assamese, bengali, gujarati, hindi, kannada, malayalam, marathi, or
iya, panjabi, tamil, telugu, indonesian, interlingua, irish, italian, kurmanji,
 lao, latin, latvian, lithuanian, mongolian, mongolianlmc, bokmal, nynorsk, pol
ish, portuguese, romanian, russian, sanskrit, serbian, serbianc, slovak, sloven
ian, spanish, swedish, turkish, turkmen, ukrainian, uppersorbian, welsh, loaded
.
(/usr/local/texlive/2011/texmf-dist/tex/latex/base/report.cls
Document Class: report 2007/10/19 v1.4h Standard LaTeX document class
(/usr/local/texlive/2011/texmf-dist/tex/latex/base/size11.clo
File: size11.clo 2007/10/19 v1.4h Standard LaTeX file (size option)
)
\c@part=\count79
\c@chapter=\count80
\c@section=\count81
\c@subsection=\count82
\c@subsubsection=\count83
\c@paragraph=\count84
\c@subparagraph=\count85
\c@figure=\count86
\c@table=\count87
\abovecaptionskip=\skip41
\belowcaptionskip=\skip42
\bibindent=\dimen102
)
(./demo.ledger.aux)
\openout1 = `demo.ledger.aux'.

LaTeX Font Info:    Checking defaults for OML/cmm/m/it on input line 2.
LaTeX Font Info:    ... okay on input line 2.
LaTeX Font Info:    Checking defaults for T1/cmr/m/n on input line 2.
LaTeX Font Info:    ... okay on input line 2.
LaTeX Font Info:    Checking defaults for OT1/cmr/m/n on input line 2.
LaTeX Font Info:    ... okay on input line 2.
LaTeX Font Info:    Checking defaults for OMS/cmsy/m/n on input line 2.
LaTeX Font Info:    ... okay on input line 2.
LaTeX Font Info:    Checking defaults for OMX/cmex/m/n on input line 2.
LaTeX Font Info:    ... okay on input line 2.
LaTeX Font Info:    Checking defaults for U/cmr/m/n on input line 2.
LaTeX Font Info:    ... okay on input line 2.
LaTeX Font Info:    External font `cmex10' loaded for size
(Font)              <10.95> on input line 4.
LaTeX Font Info:    External font `cmex10' loaded for size
(Font)              <8> on input line 4.
LaTeX Font Info:    External font `cmex10' loaded for size
(Font)              <6> on input line 4.

Overfull \hbox (5.89261pt too wide) in paragraph at lines 4--41
[] 
 []

[1

{/usr/local/texlive/2011/texmf-var/fonts/map/pdftex/updmap/pdftex.map}]
Overfull \vbox (37.1429pt too high) has occurred while \output is active []


[2]
Overfull \hbox (14.64621pt too wide) in paragraph at lines 102--108
[] 
 []


Overfull \hbox (94.52045pt too wide) in paragraph at lines 109--122
[] 
 []


Overfull \hbox (47.19208pt too wide) in paragraph at lines 123--129
[] 
 []

[3]
Overfull \hbox (10.14459pt too wide) in paragraph at lines 130--137
[] 
 []


Overfull \hbox (10.14459pt too wide) in paragraph at lines 138--145
[] 
 []


Overfull \hbox (10.14459pt too wide) in paragraph at lines 154--161
[] 
 []


Overfull \hbox (8.65413pt too wide) in paragraph at lines 162--168
[] 
 []

[4]
Overfull \hbox (123.09695pt too wide) in paragraph at lines 169--175
[] 
 []


Overfull \hbox (27.45163pt too wide) in paragraph at lines 183--193
[] 
 []


Overfull \hbox (6.46416pt too wide) in paragraph at lines 194--203
[] 
 []


Overfull \hbox (10.14459pt too wide) in paragraph at lines 204--211
[] 
 []

[5]
Overfull \hbox (140.75383pt too wide) in paragraph at lines 212--224
[] 
 []


Overfull \hbox (0.98915pt too wide) in paragraph at lines 225--231
[] 
 []


Overfull \hbox (0.98915pt too wide) in paragraph at lines 232--238
[] 
 []


Overfull \hbox (31.49701pt too wide) in paragraph at lines 239--245
[] 
 []

[6]
Overfull \hbox (44.60675pt too wide) in paragraph at lines 253--272
[] 
 []


Overfull \hbox (63.49539pt too wide) in paragraph at lines 273--279
[] 
 []


Overfull \hbox (8.65413pt too wide) in paragraph at lines 287--293
[] 
 []

[7]
Overfull \hbox (10.14459pt too wide) in paragraph at lines 294--308
[] 
 []


Overfull \hbox (8.65413pt too wide) in paragraph at lines 317--326
[] 
 []

[8]
Overfull \hbox (112.77048pt too wide) in paragraph at lines 337--344
[] 
 []


Overfull \hbox (42.59901pt too wide) in paragraph at lines 355--361
[] 
 []


Overfull \hbox (53.89897pt too wide) in paragraph at lines 362--369
[] 
 []

[9]
Overfull \hbox (10.53998pt too wide) in paragraph at lines 380--390
[] 
 []


Overfull \hbox (107.29547pt too wide) in paragraph at lines 399--407
[] 
 []

[10]
Overfull \hbox (10.53998pt too wide) in paragraph at lines 415--428
[] 
 []


Overfull \hbox (17.23164pt too wide) in paragraph at lines 439--445
[] 
 []

[11]
Overfull \hbox (11.94289pt too wide) in paragraph at lines 478--478
[]\OT1/cmr/bx/n/14.4 Account: In-come:Investments:Interest:Savings 
 []

[12]
Overfull \hbox (128.34383pt too wide) in paragraph at lines 489--580
[] 
 []

[13]
Overfull \vbox (686.34247pt too high) has occurred while \output is active []


[14]
Overfull \hbox (10.14459pt too wide) in paragraph at lines 581--608
[] 
 []


Overfull \hbox (177.04099pt too wide) in paragraph at lines 616--779
[] 
 []

[15]
Overfull \vbox (1665.54181pt too high) has occurred while \output is active []


[16]
Overfull \hbox (42.59901pt too wide) in paragraph at lines 780--786
[] 
 []


Overfull \hbox (17.23164pt too wide) in paragraph at lines 787--793
[] 
 []


Overfull \hbox (16.41124pt too wide) in paragraph at lines 793--793
[]\OT1/cmr/bx/n/14.4 Account: Expenses:Home:Monthly:Condo-Fees 
 []


Overfull \hbox (47.1921pt too wide) in paragraph at lines 794--809
[] 
 []


Overfull \hbox (5.58202pt too wide) in paragraph at lines 820--832
[] 
 []

[17]
Overfull \hbox (10.14459pt too wide) in paragraph at lines 833--860
[] 
 []


Overfull \hbox (112.77048pt too wide) in paragraph at lines 861--893
[] 
 []

[18]
Overfull \hbox (47.1921pt too wide) in paragraph at lines 894--933
[] 
 []

[19]
Overfull \hbox (49.94128pt too wide) in paragraph at lines 933--933
[]\OT1/cmr/bx/n/14.4 Account: As-sets:Investments:UTrade:Account:EWJ 
 []


Overfull \hbox (94.52045pt too wide) in paragraph at lines 934--941
[] 
 []

[20]
Overfull \hbox (14.64621pt too wide) in paragraph at lines 942--960
[] 
 []


Overfull \hbox (23.96953pt too wide) in paragraph at lines 967--967
[]\OT1/cmr/bx/n/14.4 Account: In-come:Investments:Interest:Checking 
 []


Overfull \hbox (5.582pt too wide) in paragraph at lines 968--974
[] 
 []


Overfull \hbox (53.89897pt too wide) in paragraph at lines 975--989
[] 
 []

[21]
Overfull \hbox (47.1921pt too wide) in paragraph at lines 997--1036
[] 
 []

[22]
Overfull \hbox (8.65413pt too wide) in paragraph at lines 1037--1052
[] 
 []

[23]
Overfull \hbox (92.05667pt too wide) in paragraph at lines 1067--1073
[] 
 []

[24]
Overfull \vbox (22.7429pt too high) has occurred while \output is active []


[25]
Overfull \hbox (55.72397pt too wide) in paragraph at lines 1124--1136
[] 
 []


Overfull \hbox (8.17119pt too wide) in paragraph at lines 1136--1136
[]\OT1/cmr/bx/n/14.4 Account: Li-a-bil-i-ties:BestBank:Mortgage:Loan 
 []


Overfull \hbox (10.14459pt too wide) in paragraph at lines 1137--1164
[] 
 []

[26]
Overfull \hbox (107.29547pt too wide) in paragraph at lines 1165--1185
[] 
 []

[27]
Overfull \hbox (123.09695pt too wide) in paragraph at lines 1186--1192
[] 
 []


Overfull \hbox (136.32825pt too wide) in paragraph at lines 1193--1220
[] 
 []

[28]
Overfull \hbox (14.64621pt too wide) in paragraph at lines 1228--1246
[] 
 []

[29]
Overfull \hbox (107.29547pt too wide) in paragraph at lines 1247--1255
[] 
 []


Overfull \hbox (252.17026pt too wide) in paragraph at lines 1256--1435
[] 
 []

[30]
Overfull \vbox (1883.14166pt too high) has occurred while \output is active []


[31]
Overfull \vbox (63.54288pt too high) has occurred while \output is active []


[32]
Overfull \hbox (27.45161pt too wide) in paragraph at lines 1489--1495
[] 
 []


Overfull \hbox (30.18623pt too wide) in paragraph at lines 1502--1502
[]\OT1/cmr/bx/n/14.4 Account: Expenses:Home:Monthly:Loan-Interest 
 []


Overfull \hbox (10.14459pt too wide) in paragraph at lines 1503--1530
[] 
 []

[33]
Overfull \hbox (16.01498pt too wide) in paragraph at lines 1531--1543
[] 
 []


Overfull \hbox (59.47461pt too wide) in paragraph at lines 1543--1543
[]\OT1/cmr/bx/n/14.4 Account: As-sets:Investments:UTrade:Account:AAPL 
 []


Overfull \hbox (112.77048pt too wide) in paragraph at lines 1544--1556
[] 
 []

[34]
Overfull \hbox (112.77048pt too wide) in paragraph at lines 1567--1583
[] 
 []


Overfull \hbox (217.7081pt too wide) in paragraph at lines 1584--1606
[] 
 []

[35]
Overfull \hbox (63.49539pt too wide) in paragraph at lines 1607--1625
[] 
 []

[36]
Overfull \hbox (217.7081pt too wide) in paragraph at lines 1626--1648
[] 
 []

[37]
Overfull \hbox (63.49539pt too wide) in paragraph at lines 1649--1706
[] 
 []

[38]
Overfull \vbox (223.94278pt too high) has occurred while \output is active []


[39]
Overfull \hbox (9.70796pt too wide) in paragraph at lines 1706--1706
[]\OT1/cmr/bx/n/14.4 Account: As-sets:Investments:UTrade:Account 
 []


Overfull \hbox (217.7081pt too wide) in paragraph at lines 1707--1729
[] 
 []


Overfull \hbox (140.75383pt too wide) in paragraph at lines 1737--1825
[] 
 []

[40]
Overfull \vbox (645.5425pt too high) has occurred while \output is active []


[41]
Overfull \hbox (239.9884pt too wide) in paragraph at lines 1833--1989
[] 
 []

[42]
Overfull \vbox (1573.14186pt too high) has occurred while \output is active []


[43]
Overfull \hbox (2.6846pt too wide) in paragraph at lines 1989--1989
[]\OT1/cmr/bx/n/14.4 Account: As-sets:Current:BestBank:Checking 
 []


Overfull \hbox (128.57198pt too wide) in paragraph at lines 1990--2045
[] 
 []


Overfull \vbox (199.54279pt too high) has occurred while \output is active []


[44]
Overfull \hbox (8.65413pt too wide) in paragraph at lines 2046--2061
[] 
 []


Overfull \hbox (16.01498pt too wide) in paragraph at lines 2062--2074
[] 
 []


Overfull \hbox (123.09695pt too wide) in paragraph at lines 2075--2081
[] 
 []


Overfull \hbox (77.06119pt too wide) in paragraph at lines 2082--2091
[] 
 []

[45]
Overfull \hbox (140.75383pt too wide) in paragraph at lines 2099--2138
[] 
 []

[46] [47] [48] (./demo.ledger.aux) ) 
Here is how much of TeX's memory you used:
 243 strings out of 493633
 2661 string characters out of 3143378
 100245 words of memory out of 3000000
 3620 multiletter control sequences out of 15000+200000
 6984 words of font info for 25 fonts, out of 3000000 for 9000
 831 hyphenation exceptions out of 8191
 21i,6n,19p,160b,109s stack positions out of 5000i,500n,10000p,200000b,50000s
</usr/local/texlive/2011/texmf-dist/fonts/t
ype1/public/amsfonts/cm/cmbx12.pfb></usr/local/texlive/2011/texmf-dist/fonts/ty
pe1/public/amsfonts/cm/cmr10.pfb>
Output written on demo.ledger.pdf (48 pages, 88390 bytes).
PDF statistics:
 168 PDF objects out of 1000 (max. 8388607)
 114 compressed objects within 2 object streams
 0 named destinations out of 1000 (max. 500000)
 1 words of extra memory for PDF output out of 10000 (max. 10000000)

